-------------------------------------------------------------------------------
Test set: edu.merrimack.fop2.morsecode.MorseCoderTest
-------------------------------------------------------------------------------
Tests run: 3, Failures: 3, Errors: 0, Skipped: 0, Time elapsed: 0.054 sec <<< FAILURE!
edu.merrimack.fop2.morsecode.MorseCoderTest.testSetDefaultAlphabet()  Time elapsed: 0.014 sec  <<< FAILURE!
org.opentest4j.AssertionFailedError: The test case is a prototype.
	at org.junit.jupiter.api.AssertionUtils.fail(AssertionUtils.java:39)
	at org.junit.jupiter.api.Assertions.fail(Assertions.java:109)
	at edu.merrimack.fop2.morsecode.MorseCoderTest.testSetDefaultAlphabet(MorseCoderTest.java:48)

edu.merrimack.fop2.morsecode.MorseCoderTest.testTraverseTreePreorder()  Time elapsed: 0.038 sec  <<< FAILURE!
org.opentest4j.AssertionFailedError: expected: <> but was: <$EISHVUFARLWPJTNDBXKCYMGZQO>
	at org.junit.jupiter.api.AssertionUtils.fail(AssertionUtils.java:55)
	at org.junit.jupiter.api.AssertionUtils.failNotEqual(AssertionUtils.java:62)
	at org.junit.jupiter.api.AssertEquals.assertEquals(AssertEquals.java:182)
	at org.junit.jupiter.api.AssertEquals.assertEquals(AssertEquals.java:177)
	at org.junit.jupiter.api.Assertions.assertEquals(Assertions.java:1124)
	at edu.merrimack.fop2.morsecode.MorseCoderTest.testTraverseTreePreorder(MorseCoderTest.java:74)

edu.merrimack.fop2.morsecode.MorseCoderTest.testAddToTree()  Time elapsed: 0.001 sec  <<< FAILURE!
org.opentest4j.AssertionFailedError: The test case is a prototype.
	at org.junit.jupiter.api.AssertionUtils.fail(AssertionUtils.java:39)
	at org.junit.jupiter.api.Assertions.fail(Assertions.java:109)
	at edu.merrimack.fop2.morsecode.MorseCoderTest.testAddToTree(MorseCoderTest.java:62)

