<?xml version="1.0" encoding="UTF-8" ?>
<testsuite tests="3" failures="3" name="edu.merrimack.fop2.morsecode.MorseCoderTest" time="0.053" errors="0" skipped="0">
  <properties>
[...]
</properties>
  <testcase classname="edu.merrimack.fop2.morsecode.MorseCoderTest" name="edu.merrimack.fop2.morsecode.MorseCoderTest.testSetDefaultAlphabet" time="0.014">
    <failure message="The test case is a prototype." type="org.opentest4j.AssertionFailedError">org.opentest4j.AssertionFailedError: The test case is a prototype.
	at org.junit.jupiter.api.AssertionUtils.fail(AssertionUtils.java:39)
	at org.junit.jupiter.api.Assertions.fail(Assertions.java:109)
	at edu.merrimack.fop2.morsecode.MorseCoderTest.testSetDefaultAlphabet(MorseCoderTest.java:48)
</failure>
    <system-out>setDefaultAlphabet
</system-out>
  </testcase>
  <testcase classname="edu.merrimack.fop2.morsecode.MorseCoderTest" name="edu.merrimack.fop2.morsecode.MorseCoderTest.testTraverseTreePreorder" time="0.038">
    <failure message="expected: &lt;&gt; but was: &lt;$EISHVUFARLWPJTNDBXKCYMGZQO&gt;" type="org.opentest4j.AssertionFailedError">org.opentest4j.AssertionFailedError: expected: &lt;&gt; but was: &lt;$EISHVUFARLWPJTNDBXKCYMGZQO&gt;
	at org.junit.jupiter.api.AssertionUtils.fail(AssertionUtils.java:55)
	at org.junit.jupiter.api.AssertionUtils.failNotEqual(AssertionUtils.java:62)
	at org.junit.jupiter.api.AssertEquals.assertEquals(AssertEquals.java:182)
	at org.junit.jupiter.api.AssertEquals.assertEquals(AssertEquals.java:177)
	at org.junit.jupiter.api.Assertions.assertEquals(Assertions.java:1124)
	at edu.merrimack.fop2.morsecode.MorseCoderTest.testTraverseTreePreorder(MorseCoderTest.java:74)
</failure>
    <system-out>traverseTreePreorder
</system-out>
  </testcase>
  <testcase classname="edu.merrimack.fop2.morsecode.MorseCoderTest" name="edu.merrimack.fop2.morsecode.MorseCoderTest.testAddToTree" time="0.001">
    <failure message="The test case is a prototype." type="org.opentest4j.AssertionFailedError">org.opentest4j.AssertionFailedError: The test case is a prototype.
	at org.junit.jupiter.api.AssertionUtils.fail(AssertionUtils.java:39)
	at org.junit.jupiter.api.Assertions.fail(Assertions.java:109)
	at edu.merrimack.fop2.morsecode.MorseCoderTest.testAddToTree(MorseCoderTest.java:62)
</failure>
    <system-out>addToTree
</system-out>
  </testcase>
</testsuite>