<?xml version="1.0" encoding="UTF-8" ?>
<testsuite tests="6" failures="3" name="edu.merrimack.fop2.morsecode.MorseDecoderTest" time="0.049" errors="0" skipped="0">
  <properties>
[...]
</properties>
  <testcase classname="edu.merrimack.fop2.morsecode.MorseDecoderTest" name="edu.merrimack.fop2.morsecode.MorseDecoderTest.testTraverseTreePreorder" time="0.041"/>
  <testcase classname="edu.merrimack.fop2.morsecode.MorseDecoderTest" name="edu.merrimack.fop2.morsecode.MorseDecoderTest.testTraverseTreePostorder" time="0"/>
  <testcase classname="edu.merrimack.fop2.morsecode.MorseDecoderTest" name="edu.merrimack.fop2.morsecode.MorseDecoderTest.testDetermineLetter" time="0.004">
    <failure message="String index out of range: 0" type="java.lang.StringIndexOutOfBoundsException">java.lang.StringIndexOutOfBoundsException: String index out of range: 0
	at java.base/java.lang.StringLatin1.charAt(StringLatin1.java:48)
	at java.base/java.lang.String.charAt(String.java:1512)
	at edu.merrimack.fop2.morsecode.MorseDecoder.decodeLetter(MorseDecoder.java:43)
	at edu.merrimack.fop2.morsecode.MorseDecoder.decodeLetter(MorseDecoder.java:71)
	at edu.merrimack.fop2.morsecode.MorseDecoder.decodeLetter(MorseDecoder.java:71)
	at edu.merrimack.fop2.morsecode.MorseDecoder.decodeLetter(MorseDecoder.java:21)
	at edu.merrimack.fop2.morsecode.MorseDecoderTest.testDetermineLetter(MorseDecoderTest.java:67)
</failure>
  </testcase>
  <testcase classname="edu.merrimack.fop2.morsecode.MorseDecoderTest" name="edu.merrimack.fop2.morsecode.MorseDecoderTest.testDeterminePhrase" time="0.001">
    <failure message="String index out of range: 0" type="java.lang.StringIndexOutOfBoundsException">java.lang.StringIndexOutOfBoundsException: String index out of range: 0
	at java.base/java.lang.StringLatin1.charAt(StringLatin1.java:48)
	at java.base/java.lang.String.charAt(String.java:1512)
	at edu.merrimack.fop2.morsecode.MorseDecoder.decodeLetter(MorseDecoder.java:43)
	at edu.merrimack.fop2.morsecode.MorseDecoder.decodeLetter(MorseDecoder.java:53)
	at edu.merrimack.fop2.morsecode.MorseDecoder.decodeLetter(MorseDecoder.java:53)
	at edu.merrimack.fop2.morsecode.MorseDecoder.decodeLetter(MorseDecoder.java:53)
	at edu.merrimack.fop2.morsecode.MorseDecoder.decodeLetter(MorseDecoder.java:21)
	at edu.merrimack.fop2.morsecode.MorseDecoder.decodePhrase(MorseDecoder.java:105)
	at edu.merrimack.fop2.morsecode.MorseDecoderTest.testDeterminePhrase(MorseDecoderTest.java:58)
</failure>
    <system-out>determinePhrase
</system-out>
  </testcase>
  <testcase classname="edu.merrimack.fop2.morsecode.MorseDecoderTest" name="edu.merrimack.fop2.morsecode.MorseDecoderTest.testTraverseTreeInorder" time="0.001"/>
  <testcase classname="edu.merrimack.fop2.morsecode.MorseDecoderTest" name="edu.merrimack.fop2.morsecode.MorseDecoderTest.testCustomAlphabet" time="0.002">
    <failure message="String index out of range: 0" type="java.lang.StringIndexOutOfBoundsException">java.lang.StringIndexOutOfBoundsException: String index out of range: 0
	at java.base/java.lang.StringLatin1.charAt(StringLatin1.java:48)
	at java.base/java.lang.String.charAt(String.java:1512)
	at edu.merrimack.fop2.morsecode.MorseDecoder.decodeLetter(MorseDecoder.java:43)
	at edu.merrimack.fop2.morsecode.MorseDecoder.decodeLetter(MorseDecoder.java:53)
	at edu.merrimack.fop2.morsecode.MorseDecoder.decodeLetter(MorseDecoder.java:21)
	at edu.merrimack.fop2.morsecode.MorseDecoder.decodePhrase(MorseDecoder.java:105)
	at edu.merrimack.fop2.morsecode.MorseDecoderTest.testCustomAlphabet(MorseDecoderTest.java:25)
</failure>
    <system-out>testCustomAlphabet
</system-out>
  </testcase>
</testsuite>