<?xml version="1.0" encoding="UTF-8" ?>
<testsuite tests="6" failures="3" name="edu.merrimack.fop2.morsecode.MorseDecoderTest" time="0.049" errors="0" skipped="0">
  <properties>
    <property name="java.runtime.name" value="Java(TM) SE Runtime Environment"/>
    <property name="java.vm.version" value="17.0.2+8-LTS-86"/>
    <property name="sun.boot.library.path" value="C:\Program Files\Java\jdk-17.0.2\bin"/>
    <property name="maven.multiModuleProjectDirectory" value="C:\Users\kmacr\OneDrive\Documents\NetBeansProjects\MorseCode"/>
    <property name="java.vm.vendor" value="Oracle Corporation"/>
    <property name="java.vendor.url" value="https://java.oracle.com/"/>
    <property name="guice.disable.misplaced.annotation.check" value="true"/>
    <property name="path.separator" value=";"/>
    <property name="java.vm.name" value="Java HotSpot(TM) 64-Bit Server VM"/>
    <property name="sun.os.patch.level" value=""/>
    <property name="user.script" value=""/>
    <property name="user.country" value="US"/>
    <property name="sun.java.launcher" value="SUN_STANDARD"/>
    <property name="test" value="edu.merrimack.fop2.morsecode.MorseDecoderTest"/>
    <property name="java.vm.specification.name" value="Java Virtual Machine Specification"/>
    <property name="user.dir" value="C:\Users\kmacr\OneDrive\Documents\NetBeansProjects\MorseCode"/>
    <property name="java.vm.compressedOopsMode" value="32-bit"/>
    <property name="java.runtime.version" value="17.0.2+8-LTS-86"/>
    <property name="os.arch" value="amd64"/>
    <property name="java.io.tmpdir" value="C:\Users\kmacr\AppData\Local\Temp\"/>
    <property name="line.separator" value="
"/>
    <property name="java.vm.specification.vendor" value="Oracle Corporation"/>
    <property name="user.variant" value=""/>
    <property name="os.name" value="Windows 10"/>
    <property name="maven.ext.class.path" value="C:\Program Files\NetBeans-13\netbeans\java\maven-nblib\netbeans-eventspy.jar"/>
    <property name="classworlds.conf" value="C:\Program Files\NetBeans-13\netbeans\java\maven\bin\m2.conf"/>
    <property name="sun.jnu.encoding" value="Cp1252"/>
    <property name="java.library.path" value="C:\Program Files\Java\jdk-17.0.2\bin;C:\WINDOWS\Sun\Java\bin;C:\WINDOWS\system32;C:\WINDOWS;C:\Program Files\Common Files\Oracle\Java\javapath;C:\WINDOWS\system32;C:\WINDOWS;C:\WINDOWS\System32\Wbem;C:\WINDOWS\System32\WindowsPowerShell\v1.0\;C:\WINDOWS\System32\OpenSSH\;C:\Users\kmacr\AppData\Local\Programs\Python\Python38-32\Scripts\;C:\Users\kmacr\AppData\Local\Programs\Python\Python38-32\;C:\Windows\system32;C:\Windows;C:\Windows\System32\Wbem;C:\Windows\System32\WindowsPowerShell\v1.0\;C:\Windows\System32\OpenSSH\;C:\Users\kmacr\AppData\Local\Microsoft\WindowsApps;C:\Python34\Scripts;%USERPROFILE%\AppData\Local\Microsoft\WindowsApps;;."/>
    <property name="maven.conf" value="C:\Program Files\NetBeans-13\netbeans\java\maven/conf"/>
    <property name="jdk.debug" value="release"/>
    <property name="java.class.version" value="61.0"/>
    <property name="java.specification.name" value="Java Platform API Specification"/>
    <property name="sun.management.compiler" value="HotSpot 64-Bit Tiered Compilers"/>
    <property name="os.version" value="10.0"/>
    <property name="library.jansi.path" value="C:\Program Files\NetBeans-13\netbeans\java\maven\lib\jansi-native"/>
    <property name="user.home" value="C:\Users\kmacr"/>
    <property name="user.timezone" value="America/New_York"/>
    <property name="file.encoding" value="UTF-8"/>
    <property name="java.specification.version" value="17"/>
    <property name="user.name" value="kmacr"/>
    <property name="java.class.path" value="C:\Program Files\NetBeans-13\netbeans\java\maven\boot\plexus-classworlds-2.6.0.jar"/>
    <property name="java.vm.specification.version" value="17"/>
    <property name="sun.arch.data.model" value="64"/>
    <property name="sun.java.command" value="org.codehaus.plexus.classworlds.launcher.Launcher -Dtest=edu.merrimack.fop2.morsecode.MorseDecoderTest -Dmaven.ext.class.path=C:\Program Files\NetBeans-13\netbeans\java\maven-nblib\netbeans-eventspy.jar -Dfile.encoding=UTF-8 surefire:test"/>
    <property name="java.home" value="C:\Program Files\Java\jdk-17.0.2"/>
    <property name="user.language" value="en"/>
    <property name="java.specification.vendor" value="Oracle Corporation"/>
    <property name="java.vm.info" value="mixed mode, sharing"/>
    <property name="java.version" value="17.0.2"/>
    <property name="native.encoding" value="Cp1252"/>
    <property name="java.vendor" value="Oracle Corporation"/>
    <property name="maven.home" value="C:\Program Files\NetBeans-13\netbeans\java\maven"/>
    <property name="file.separator" value="\"/>
    <property name="java.version.date" value="2022-01-18"/>
    <property name="java.vendor.url.bug" value="https://bugreport.java.com/bugreport/"/>
    <property name="sun.io.unicode.encoding" value="UnicodeLittle"/>
    <property name="sun.cpu.endian" value="little"/>
    <property name="sun.cpu.isalist" value="amd64"/>
  </properties>
  <testcase classname="edu.merrimack.fop2.morsecode.MorseDecoderTest" name="edu.merrimack.fop2.morsecode.MorseDecoderTest.testTraverseTreePreorder" time="0.041"/>
  <testcase classname="edu.merrimack.fop2.morsecode.MorseDecoderTest" name="edu.merrimack.fop2.morsecode.MorseDecoderTest.testTraverseTreePostorder" time="0"/>
  <testcase classname="edu.merrimack.fop2.morsecode.MorseDecoderTest" name="edu.merrimack.fop2.morsecode.MorseDecoderTest.testDetermineLetter" time="0.004">
    <failure message="String index out of range: 0" type="java.lang.StringIndexOutOfBoundsException">java.lang.StringIndexOutOfBoundsException: String index out of range: 0
	at java.base/java.lang.StringLatin1.charAt(StringLatin1.java:48)
	at java.base/java.lang.String.charAt(String.java:1512)
	at edu.merrimack.fop2.morsecode.MorseDecoder.decodeLetter(MorseDecoder.java:43)
	at edu.merrimack.fop2.morsecode.MorseDecoder.decodeLetter(MorseDecoder.java:71)
	at edu.merrimack.fop2.morsecode.MorseDecoder.decodeLetter(MorseDecoder.java:71)
	at edu.merrimack.fop2.morsecode.MorseDecoder.decodeLetter(MorseDecoder.java:21)
	at edu.merrimack.fop2.morsecode.MorseDecoderTest.testDetermineLetter(MorseDecoderTest.java:67)
</failure>
  </testcase>
  <testcase classname="edu.merrimack.fop2.morsecode.MorseDecoderTest" name="edu.merrimack.fop2.morsecode.MorseDecoderTest.testDeterminePhrase" time="0.001">
    <failure message="String index out of range: 0" type="java.lang.StringIndexOutOfBoundsException">java.lang.StringIndexOutOfBoundsException: String index out of range: 0
	at java.base/java.lang.StringLatin1.charAt(StringLatin1.java:48)
	at java.base/java.lang.String.charAt(String.java:1512)
	at edu.merrimack.fop2.morsecode.MorseDecoder.decodeLetter(MorseDecoder.java:43)
	at edu.merrimack.fop2.morsecode.MorseDecoder.decodeLetter(MorseDecoder.java:53)
	at edu.merrimack.fop2.morsecode.MorseDecoder.decodeLetter(MorseDecoder.java:53)
	at edu.merrimack.fop2.morsecode.MorseDecoder.decodeLetter(MorseDecoder.java:53)
	at edu.merrimack.fop2.morsecode.MorseDecoder.decodeLetter(MorseDecoder.java:21)
	at edu.merrimack.fop2.morsecode.MorseDecoder.decodePhrase(MorseDecoder.java:105)
	at edu.merrimack.fop2.morsecode.MorseDecoderTest.testDeterminePhrase(MorseDecoderTest.java:58)
</failure>
    <system-out>determinePhrase
</system-out>
  </testcase>
  <testcase classname="edu.merrimack.fop2.morsecode.MorseDecoderTest" name="edu.merrimack.fop2.morsecode.MorseDecoderTest.testTraverseTreeInorder" time="0.001"/>
  <testcase classname="edu.merrimack.fop2.morsecode.MorseDecoderTest" name="edu.merrimack.fop2.morsecode.MorseDecoderTest.testCustomAlphabet" time="0.002">
    <failure message="String index out of range: 0" type="java.lang.StringIndexOutOfBoundsException">java.lang.StringIndexOutOfBoundsException: String index out of range: 0
	at java.base/java.lang.StringLatin1.charAt(StringLatin1.java:48)
	at java.base/java.lang.String.charAt(String.java:1512)
	at edu.merrimack.fop2.morsecode.MorseDecoder.decodeLetter(MorseDecoder.java:43)
	at edu.merrimack.fop2.morsecode.MorseDecoder.decodeLetter(MorseDecoder.java:53)
	at edu.merrimack.fop2.morsecode.MorseDecoder.decodeLetter(MorseDecoder.java:21)
	at edu.merrimack.fop2.morsecode.MorseDecoder.decodePhrase(MorseDecoder.java:105)
	at edu.merrimack.fop2.morsecode.MorseDecoderTest.testCustomAlphabet(MorseDecoderTest.java:25)
</failure>
    <system-out>testCustomAlphabet
</system-out>
  </testcase>
</testsuite>